ERROR - 2024-03-25 04:24:45 --> mysqli_sql_exception: Table 'trackdb.infoincautaciones' doesn't exist in C:\laragon-6.0.0\www\system\Database\MySQLi\Connection.php:306
Stack trace:
#0 C:\laragon-6.0.0\www\system\Database\MySQLi\Connection.php(306): mysqli->query('SELECT *\nFROM `...', 0)
#1 C:\laragon-6.0.0\www\system\Database\BaseConnection.php(693): CodeIgniter\Database\MySQLi\Connection->execute('SELECT *\nFROM `...')
#2 C:\laragon-6.0.0\www\system\Database\BaseConnection.php(607): CodeIgniter\Database\BaseConnection->simpleQuery('SELECT *\nFROM `...')
#3 C:\laragon-6.0.0\www\system\Database\BaseBuilder.php(1616): CodeIgniter\Database\BaseConnection->query('SELECT *\nFROM `...', Array, false)
#4 C:\laragon-6.0.0\www\system\Model.php(270): CodeIgniter\Database\BaseBuilder->get()
#5 C:\laragon-6.0.0\www\system\BaseModel.php(676): CodeIgniter\Model->doFirst()
#6 C:\laragon-6.0.0\www\app\Controllers\Service\Busqueda.php(19): CodeIgniter\BaseModel->first()
#7 C:\laragon-6.0.0\www\system\CodeIgniter.php(941): App\Controllers\Service\Busqueda->buscar_por_placa('BLA359\n')
#8 C:\laragon-6.0.0\www\system\CodeIgniter.php(502): CodeIgniter\CodeIgniter->runController(Object(App\Controllers\Service\Busqueda))
#9 C:\laragon-6.0.0\www\system\CodeIgniter.php(361): CodeIgniter\CodeIgniter->handleRequest(NULL, Object(Config\Cache), false)
#10 C:\laragon-6.0.0\www\public\index.php(79): CodeIgniter\CodeIgniter->run()
#11 {main}
CRITICAL - 2024-03-25 04:24:45 --> CodeIgniter\Database\Exceptions\DatabaseException: Table 'trackdb.infoincautaciones' doesn't exist
in SYSTEMPATH\Database\BaseConnection.php on line 647.
 1 SYSTEMPATH\Database\BaseBuilder.php(1616): CodeIgniter\Database\BaseConnection->query('SELECT *
FROM `infoincautaciones`
WHERE `placa` = :placa:
 LIMIT 1', [...], false)
 2 SYSTEMPATH\Model.php(270): CodeIgniter\Database\BaseBuilder->get()
 3 SYSTEMPATH\BaseModel.php(676): CodeIgniter\Model->doFirst()
 4 APPPATH\Controllers\Service\Busqueda.php(19): CodeIgniter\BaseModel->first()
 5 SYSTEMPATH\CodeIgniter.php(941): App\Controllers\Service\Busqueda->buscar_por_placa('BLA359
')
 6 SYSTEMPATH\CodeIgniter.php(502): CodeIgniter\CodeIgniter->runController(Object(App\Controllers\Service\Busqueda))
 7 SYSTEMPATH\CodeIgniter.php(361): CodeIgniter\CodeIgniter->handleRequest(null, Object(Config\Cache), false)
 8 FCPATH\index.php(79): CodeIgniter\CodeIgniter->run()
CRITICAL - 2024-03-25 04:24:45 --> [Caused by] CodeIgniter\Database\Exceptions\DatabaseException: Table 'trackdb.infoincautaciones' doesn't exist
in SYSTEMPATH\Database\MySQLi\Connection.php on line 311.
 1 SYSTEMPATH\Database\BaseConnection.php(693): CodeIgniter\Database\MySQLi\Connection->execute('SELECT *
FROM `infoincautaciones`
WHERE `placa` = \'BLA359\\n\'
 LIMIT 1')
 2 SYSTEMPATH\Database\BaseConnection.php(607): CodeIgniter\Database\BaseConnection->simpleQuery('SELECT *
FROM `infoincautaciones`
WHERE `placa` = \'BLA359\\n\'
 LIMIT 1')
 3 SYSTEMPATH\Database\BaseBuilder.php(1616): CodeIgniter\Database\BaseConnection->query('SELECT *
FROM `infoincautaciones`
WHERE `placa` = :placa:
 LIMIT 1', [...], false)
 4 SYSTEMPATH\Model.php(270): CodeIgniter\Database\BaseBuilder->get()
 5 SYSTEMPATH\BaseModel.php(676): CodeIgniter\Model->doFirst()
 6 APPPATH\Controllers\Service\Busqueda.php(19): CodeIgniter\BaseModel->first()
 7 SYSTEMPATH\CodeIgniter.php(941): App\Controllers\Service\Busqueda->buscar_por_placa('BLA359
')
 8 SYSTEMPATH\CodeIgniter.php(502): CodeIgniter\CodeIgniter->runController(Object(App\Controllers\Service\Busqueda))
 9 SYSTEMPATH\CodeIgniter.php(361): CodeIgniter\CodeIgniter->handleRequest(null, Object(Config\Cache), false)
10 FCPATH\index.php(79): CodeIgniter\CodeIgniter->run()
CRITICAL - 2024-03-25 04:24:45 --> [Caused by] mysqli_sql_exception: Table 'trackdb.infoincautaciones' doesn't exist
in SYSTEMPATH\Database\MySQLi\Connection.php on line 306.
 1 SYSTEMPATH\Database\MySQLi\Connection.php(306): mysqli->query('SELECT *
FROM `infoincautaciones`
WHERE `placa` = \'BLA359\\n\'
 LIMIT 1', 0)
 2 SYSTEMPATH\Database\BaseConnection.php(693): CodeIgniter\Database\MySQLi\Connection->execute('SELECT *
FROM `infoincautaciones`
WHERE `placa` = \'BLA359\\n\'
 LIMIT 1')
 3 SYSTEMPATH\Database\BaseConnection.php(607): CodeIgniter\Database\BaseConnection->simpleQuery('SELECT *
FROM `infoincautaciones`
WHERE `placa` = \'BLA359\\n\'
 LIMIT 1')
 4 SYSTEMPATH\Database\BaseBuilder.php(1616): CodeIgniter\Database\BaseConnection->query('SELECT *
FROM `infoincautaciones`
WHERE `placa` = :placa:
 LIMIT 1', [...], false)
 5 SYSTEMPATH\Model.php(270): CodeIgniter\Database\BaseBuilder->get()
 6 SYSTEMPATH\BaseModel.php(676): CodeIgniter\Model->doFirst()
 7 APPPATH\Controllers\Service\Busqueda.php(19): CodeIgniter\BaseModel->first()
 8 SYSTEMPATH\CodeIgniter.php(941): App\Controllers\Service\Busqueda->buscar_por_placa('BLA359
')
 9 SYSTEMPATH\CodeIgniter.php(502): CodeIgniter\CodeIgniter->runController(Object(App\Controllers\Service\Busqueda))
10 SYSTEMPATH\CodeIgniter.php(361): CodeIgniter\CodeIgniter->handleRequest(null, Object(Config\Cache), false)
11 FCPATH\index.php(79): CodeIgniter\CodeIgniter->run()
ERROR - 2024-03-25 08:06:54 --> Error connecting to the database: mysqli_sql_exception: Se produjo un error durante el intento de conexión ya que la parte conectada no respondió adecuadamente tras un periodo de tiempo, o bien se produjo un error en la conexión establecida ya que el host conectado no ha podido responder.
 in C:\laragon-6.0.0\www\system\Database\MySQLi\Connection.php:185
Stack trace:
#0 C:\laragon-6.0.0\www\system\Database\MySQLi\Connection.php(185): mysqli->real_connect('192.168.2.20', 'pvasquez', 'pvasquez!', 'trackdb', 3306, '', 0)
#1 C:\laragon-6.0.0\www\system\Database\BaseConnection.php(392): CodeIgniter\Database\MySQLi\Connection->connect(false)
#2 C:\laragon-6.0.0\www\system\Database\BaseConnection.php(575): CodeIgniter\Database\BaseConnection->initialize()
#3 C:\laragon-6.0.0\www\system\Database\BaseBuilder.php(1616): CodeIgniter\Database\BaseConnection->query('SELECT *\nFROM `...', Array, false)
#4 C:\laragon-6.0.0\www\system\Model.php(270): CodeIgniter\Database\BaseBuilder->get()
#5 C:\laragon-6.0.0\www\system\BaseModel.php(676): CodeIgniter\Model->doFirst()
#6 C:\laragon-6.0.0\www\app\Models\BusquedaModel.php(31): CodeIgniter\BaseModel->first()
#7 C:\laragon-6.0.0\www\app\Controllers\Service\Busqueda.php(20): App\Models\BusquedaModel->searchByPlaca('AMX636')
#8 C:\laragon-6.0.0\www\system\CodeIgniter.php(941): App\Controllers\Service\Busqueda->buscar_por_placa('AMX636')
#9 C:\laragon-6.0.0\www\system\CodeIgniter.php(502): CodeIgniter\CodeIgniter->runController(Object(App\Controllers\Service\Busqueda))
#10 C:\laragon-6.0.0\www\system\CodeIgniter.php(361): CodeIgniter\CodeIgniter->handleRequest(NULL, Object(Config\Cache), false)
#11 C:\laragon-6.0.0\www\public\index.php(79): CodeIgniter\CodeIgniter->run()
#12 {main}

Next CodeIgniter\Database\Exceptions\DatabaseException: Se produjo un error durante el intento de conexión ya que la parte conectada no respondió adecuadamente tras un periodo de tiempo, o bien se produjo un error en la conexión establecida ya que el host conectado no ha podido responder.
 in C:\laragon-6.0.0\www\system\Database\MySQLi\Connection.php:229
Stack trace:
#0 C:\laragon-6.0.0\www\system\Database\BaseConnection.php(392): CodeIgniter\Database\MySQLi\Connection->connect(false)
#1 C:\laragon-6.0.0\www\system\Database\BaseConnection.php(575): CodeIgniter\Database\BaseConnection->initialize()
#2 C:\laragon-6.0.0\www\system\Database\BaseBuilder.php(1616): CodeIgniter\Database\BaseConnection->query('SELECT *\nFROM `...', Array, false)
#3 C:\laragon-6.0.0\www\system\Model.php(270): CodeIgniter\Database\BaseBuilder->get()
#4 C:\laragon-6.0.0\www\system\BaseModel.php(676): CodeIgniter\Model->doFirst()
#5 C:\laragon-6.0.0\www\app\Models\BusquedaModel.php(31): CodeIgniter\BaseModel->first()
#6 C:\laragon-6.0.0\www\app\Controllers\Service\Busqueda.php(20): App\Models\BusquedaModel->searchByPlaca('AMX636')
#7 C:\laragon-6.0.0\www\system\CodeIgniter.php(941): App\Controllers\Service\Busqueda->buscar_por_placa('AMX636')
#8 C:\laragon-6.0.0\www\system\CodeIgniter.php(502): CodeIgniter\CodeIgniter->runController(Object(App\Controllers\Service\Busqueda))
#9 C:\laragon-6.0.0\www\system\CodeIgniter.php(361): CodeIgniter\CodeIgniter->handleRequest(NULL, Object(Config\Cache), false)
#10 C:\laragon-6.0.0\www\public\index.php(79): CodeIgniter\CodeIgniter->run()
#11 {main}
CRITICAL - 2024-03-25 08:06:54 --> CodeIgniter\Database\Exceptions\DatabaseException: Unable to connect to the database.
Main connection [MySQLi]: Se produjo un error durante el intento de conexión ya que la parte conectada no respondió adecuadamente tras un periodo de tiempo, o bien se produjo un error en la conexión establecida ya que el host conectado no ha podido responder.

in SYSTEMPATH\Database\BaseConnection.php on line 428.
 1 SYSTEMPATH\Database\BaseConnection.php(575): CodeIgniter\Database\BaseConnection->initialize()
 2 SYSTEMPATH\Database\BaseBuilder.php(1616): CodeIgniter\Database\BaseConnection->query('SELECT *
FROM `infoIncautaciones`
WHERE `placa` = :placa:
 LIMIT 1', [...], false)
 3 SYSTEMPATH\Model.php(270): CodeIgniter\Database\BaseBuilder->get()
 4 SYSTEMPATH\BaseModel.php(676): CodeIgniter\Model->doFirst()
 5 APPPATH\Models\BusquedaModel.php(31): CodeIgniter\BaseModel->first()
 6 APPPATH\Controllers\Service\Busqueda.php(20): App\Models\BusquedaModel->searchByPlaca('AMX636')
 7 SYSTEMPATH\CodeIgniter.php(941): App\Controllers\Service\Busqueda->buscar_por_placa('AMX636')
 8 SYSTEMPATH\CodeIgniter.php(502): CodeIgniter\CodeIgniter->runController(Object(App\Controllers\Service\Busqueda))
 9 SYSTEMPATH\CodeIgniter.php(361): CodeIgniter\CodeIgniter->handleRequest(null, Object(Config\Cache), false)
10 FCPATH\index.php(79): CodeIgniter\CodeIgniter->run()
ERROR - 2024-03-25 08:07:04 --> Error connecting to the database: mysqli_sql_exception: Se produjo un error durante el intento de conexión ya que la parte conectada no respondió adecuadamente tras un periodo de tiempo, o bien se produjo un error en la conexión establecida ya que el host conectado no ha podido responder.
 in C:\laragon-6.0.0\www\system\Database\MySQLi\Connection.php:185
Stack trace:
#0 C:\laragon-6.0.0\www\system\Database\MySQLi\Connection.php(185): mysqli->real_connect('192.168.2.20', 'pvasquez', 'pvasquez!', 'trackdb', 3306, '', 0)
#1 C:\laragon-6.0.0\www\system\Database\BaseConnection.php(392): CodeIgniter\Database\MySQLi\Connection->connect(false)
#2 C:\laragon-6.0.0\www\system\Database\BaseConnection.php(575): CodeIgniter\Database\BaseConnection->initialize()
#3 C:\laragon-6.0.0\www\system\Database\BaseBuilder.php(1616): CodeIgniter\Database\BaseConnection->query('SELECT *\nFROM `...', Array, false)
#4 C:\laragon-6.0.0\www\system\Model.php(270): CodeIgniter\Database\BaseBuilder->get()
#5 C:\laragon-6.0.0\www\system\BaseModel.php(676): CodeIgniter\Model->doFirst()
#6 C:\laragon-6.0.0\www\app\Models\BusquedaModel.php(31): CodeIgniter\BaseModel->first()
#7 C:\laragon-6.0.0\www\app\Controllers\Service\Busqueda.php(20): App\Models\BusquedaModel->searchByPlaca('AMX636')
#8 C:\laragon-6.0.0\www\system\CodeIgniter.php(941): App\Controllers\Service\Busqueda->buscar_por_placa('AMX636')
#9 C:\laragon-6.0.0\www\system\CodeIgniter.php(502): CodeIgniter\CodeIgniter->runController(Object(App\Controllers\Service\Busqueda))
#10 C:\laragon-6.0.0\www\system\CodeIgniter.php(361): CodeIgniter\CodeIgniter->handleRequest(NULL, Object(Config\Cache), false)
#11 C:\laragon-6.0.0\www\public\index.php(79): CodeIgniter\CodeIgniter->run()
#12 {main}

Next CodeIgniter\Database\Exceptions\DatabaseException: Se produjo un error durante el intento de conexión ya que la parte conectada no respondió adecuadamente tras un periodo de tiempo, o bien se produjo un error en la conexión establecida ya que el host conectado no ha podido responder.
 in C:\laragon-6.0.0\www\system\Database\MySQLi\Connection.php:229
Stack trace:
#0 C:\laragon-6.0.0\www\system\Database\BaseConnection.php(392): CodeIgniter\Database\MySQLi\Connection->connect(false)
#1 C:\laragon-6.0.0\www\system\Database\BaseConnection.php(575): CodeIgniter\Database\BaseConnection->initialize()
#2 C:\laragon-6.0.0\www\system\Database\BaseBuilder.php(1616): CodeIgniter\Database\BaseConnection->query('SELECT *\nFROM `...', Array, false)
#3 C:\laragon-6.0.0\www\system\Model.php(270): CodeIgniter\Database\BaseBuilder->get()
#4 C:\laragon-6.0.0\www\system\BaseModel.php(676): CodeIgniter\Model->doFirst()
#5 C:\laragon-6.0.0\www\app\Models\BusquedaModel.php(31): CodeIgniter\BaseModel->first()
#6 C:\laragon-6.0.0\www\app\Controllers\Service\Busqueda.php(20): App\Models\BusquedaModel->searchByPlaca('AMX636')
#7 C:\laragon-6.0.0\www\system\CodeIgniter.php(941): App\Controllers\Service\Busqueda->buscar_por_placa('AMX636')
#8 C:\laragon-6.0.0\www\system\CodeIgniter.php(502): CodeIgniter\CodeIgniter->runController(Object(App\Controllers\Service\Busqueda))
#9 C:\laragon-6.0.0\www\system\CodeIgniter.php(361): CodeIgniter\CodeIgniter->handleRequest(NULL, Object(Config\Cache), false)
#10 C:\laragon-6.0.0\www\public\index.php(79): CodeIgniter\CodeIgniter->run()
#11 {main}
CRITICAL - 2024-03-25 08:07:04 --> CodeIgniter\Database\Exceptions\DatabaseException: Unable to connect to the database.
Main connection [MySQLi]: Se produjo un error durante el intento de conexión ya que la parte conectada no respondió adecuadamente tras un periodo de tiempo, o bien se produjo un error en la conexión establecida ya que el host conectado no ha podido responder.

in SYSTEMPATH\Database\BaseConnection.php on line 428.
 1 SYSTEMPATH\Database\BaseConnection.php(575): CodeIgniter\Database\BaseConnection->initialize()
 2 SYSTEMPATH\Database\BaseBuilder.php(1616): CodeIgniter\Database\BaseConnection->query('SELECT *
FROM `infoIncautaciones`
WHERE `placa` = :placa:
 LIMIT 1', [...], false)
 3 SYSTEMPATH\Model.php(270): CodeIgniter\Database\BaseBuilder->get()
 4 SYSTEMPATH\BaseModel.php(676): CodeIgniter\Model->doFirst()
 5 APPPATH\Models\BusquedaModel.php(31): CodeIgniter\BaseModel->first()
 6 APPPATH\Controllers\Service\Busqueda.php(20): App\Models\BusquedaModel->searchByPlaca('AMX636')
 7 SYSTEMPATH\CodeIgniter.php(941): App\Controllers\Service\Busqueda->buscar_por_placa('AMX636')
 8 SYSTEMPATH\CodeIgniter.php(502): CodeIgniter\CodeIgniter->runController(Object(App\Controllers\Service\Busqueda))
 9 SYSTEMPATH\CodeIgniter.php(361): CodeIgniter\CodeIgniter->handleRequest(null, Object(Config\Cache), false)
10 FCPATH\index.php(79): CodeIgniter\CodeIgniter->run()
CRITICAL - 2024-03-25 21:09:34 --> TypeError: Return value of CodeIgniter\BaseModel::transformDataToArray() must be of the type array, string returned
in SYSTEMPATH\BaseModel.php on line 1804.
 1 SYSTEMPATH\BaseModel.php(956): CodeIgniter\BaseModel->transformDataToArray('placa=AMX636', 'update')
 2 SYSTEMPATH\Model.php(807): CodeIgniter\BaseModel->update([...], 'placa=AMX636')
 3 APPPATH\Controllers\Service\Busqueda.php(41): CodeIgniter\Model->update([...], 'placa=AMX636')
 4 SYSTEMPATH\CodeIgniter.php(941): App\Controllers\Service\Busqueda->update_rq_ubi()
 5 SYSTEMPATH\CodeIgniter.php(502): CodeIgniter\CodeIgniter->runController(Object(App\Controllers\Service\Busqueda))
 6 SYSTEMPATH\CodeIgniter.php(361): CodeIgniter\CodeIgniter->handleRequest(null, Object(Config\Cache), false)
 7 FCPATH\index.php(79): CodeIgniter\CodeIgniter->run()
CRITICAL - 2024-03-25 21:09:59 --> TypeError: Return value of CodeIgniter\BaseModel::transformDataToArray() must be of the type array, string returned
in SYSTEMPATH\BaseModel.php on line 1804.
 1 SYSTEMPATH\BaseModel.php(956): CodeIgniter\BaseModel->transformDataToArray('placa=AMX636', 'update')
 2 SYSTEMPATH\Model.php(807): CodeIgniter\BaseModel->update([...], 'placa=AMX636')
 3 APPPATH\Controllers\Service\Busqueda.php(41): CodeIgniter\Model->update([...], 'placa=AMX636')
 4 SYSTEMPATH\CodeIgniter.php(941): App\Controllers\Service\Busqueda->update_rq_ubi()
 5 SYSTEMPATH\CodeIgniter.php(502): CodeIgniter\CodeIgniter->runController(Object(App\Controllers\Service\Busqueda))
 6 SYSTEMPATH\CodeIgniter.php(361): CodeIgniter\CodeIgniter->handleRequest(null, Object(Config\Cache), false)
 7 FCPATH\index.php(79): CodeIgniter\CodeIgniter->run()
CRITICAL - 2024-03-25 21:15:04 --> TypeError: Return value of CodeIgniter\BaseModel::transformDataToArray() must be of the type array, string returned
in SYSTEMPATH\BaseModel.php on line 1804.
 1 SYSTEMPATH\BaseModel.php(956): CodeIgniter\BaseModel->transformDataToArray('placa="AMX636"', 'update')
 2 SYSTEMPATH\Model.php(807): CodeIgniter\BaseModel->update([...], 'placa="AMX636"')
 3 APPPATH\Controllers\Service\Busqueda.php(41): CodeIgniter\Model->update([...], 'placa="AMX636"')
 4 SYSTEMPATH\CodeIgniter.php(941): App\Controllers\Service\Busqueda->update_rq_ubi()
 5 SYSTEMPATH\CodeIgniter.php(502): CodeIgniter\CodeIgniter->runController(Object(App\Controllers\Service\Busqueda))
 6 SYSTEMPATH\CodeIgniter.php(361): CodeIgniter\CodeIgniter->handleRequest(null, Object(Config\Cache), false)
 7 FCPATH\index.php(79): CodeIgniter\CodeIgniter->run()
CRITICAL - 2024-03-25 21:31:28 --> TypeError: Return value of CodeIgniter\BaseModel::transformDataToArray() must be of the type array, string returned
in SYSTEMPATH\BaseModel.php on line 1804.
 1 SYSTEMPATH\BaseModel.php(956): CodeIgniter\BaseModel->transformDataToArray('placa="AMX636"', 'update')
 2 SYSTEMPATH\Model.php(807): CodeIgniter\BaseModel->update([...], 'placa="AMX636"')
 3 APPPATH\Controllers\Service\Busqueda.php(41): CodeIgniter\Model->update([...], 'placa="AMX636"')
 4 SYSTEMPATH\CodeIgniter.php(941): App\Controllers\Service\Busqueda->update_rq_ubi()
 5 SYSTEMPATH\CodeIgniter.php(502): CodeIgniter\CodeIgniter->runController(Object(App\Controllers\Service\Busqueda))
 6 SYSTEMPATH\CodeIgniter.php(361): CodeIgniter\CodeIgniter->handleRequest(null, Object(Config\Cache), false)
 7 FCPATH\index.php(79): CodeIgniter\CodeIgniter->run()
CRITICAL - 2024-03-25 21:31:41 --> TypeError: Return value of CodeIgniter\BaseModel::transformDataToArray() must be of the type array, string returned
in SYSTEMPATH\BaseModel.php on line 1804.
 1 SYSTEMPATH\BaseModel.php(956): CodeIgniter\BaseModel->transformDataToArray('placa="AMX636"', 'update')
 2 SYSTEMPATH\Model.php(807): CodeIgniter\BaseModel->update([...], 'placa="AMX636"')
 3 APPPATH\Controllers\Service\Busqueda.php(41): CodeIgniter\Model->update([...], 'placa="AMX636"')
 4 SYSTEMPATH\CodeIgniter.php(941): App\Controllers\Service\Busqueda->update_rq_ubi()
 5 SYSTEMPATH\CodeIgniter.php(502): CodeIgniter\CodeIgniter->runController(Object(App\Controllers\Service\Busqueda))
 6 SYSTEMPATH\CodeIgniter.php(361): CodeIgniter\CodeIgniter->handleRequest(null, Object(Config\Cache), false)
 7 FCPATH\index.php(79): CodeIgniter\CodeIgniter->run()
CRITICAL - 2024-03-25 21:39:03 --> CodeIgniter\Database\Exceptions\DataException: There is no data to update.
in SYSTEMPATH\BaseModel.php on line 1778.
 1 SYSTEMPATH\BaseModel.php(1778): CodeIgniter\Database\Exceptions\DataException::forEmptyDataset('update')
 2 SYSTEMPATH\BaseModel.php(956): CodeIgniter\BaseModel->transformDataToArray(null, 'update')
 3 SYSTEMPATH\Model.php(807): CodeIgniter\BaseModel->update([...], null)
 4 APPPATH\Controllers\Service\Busqueda.php(45): CodeIgniter\Model->update([...])
 5 SYSTEMPATH\CodeIgniter.php(941): App\Controllers\Service\Busqueda->update_rq_ubi()
 6 SYSTEMPATH\CodeIgniter.php(502): CodeIgniter\CodeIgniter->runController(Object(App\Controllers\Service\Busqueda))
 7 SYSTEMPATH\CodeIgniter.php(361): CodeIgniter\CodeIgniter->handleRequest(null, Object(Config\Cache), false)
 8 FCPATH\index.php(79): CodeIgniter\CodeIgniter->run()
CRITICAL - 2024-03-25 21:39:07 --> CodeIgniter\Database\Exceptions\DataException: There is no data to update.
in SYSTEMPATH\BaseModel.php on line 1778.
 1 SYSTEMPATH\BaseModel.php(1778): CodeIgniter\Database\Exceptions\DataException::forEmptyDataset('update')
 2 SYSTEMPATH\BaseModel.php(956): CodeIgniter\BaseModel->transformDataToArray(null, 'update')
 3 SYSTEMPATH\Model.php(807): CodeIgniter\BaseModel->update([...], null)
 4 APPPATH\Controllers\Service\Busqueda.php(45): CodeIgniter\Model->update([...])
 5 SYSTEMPATH\CodeIgniter.php(941): App\Controllers\Service\Busqueda->update_rq_ubi()
 6 SYSTEMPATH\CodeIgniter.php(502): CodeIgniter\CodeIgniter->runController(Object(App\Controllers\Service\Busqueda))
 7 SYSTEMPATH\CodeIgniter.php(361): CodeIgniter\CodeIgniter->handleRequest(null, Object(Config\Cache), false)
 8 FCPATH\index.php(79): CodeIgniter\CodeIgniter->run()
CRITICAL - 2024-03-25 21:39:28 --> CodeIgniter\Database\Exceptions\DataException: There is no data to update.
in SYSTEMPATH\BaseModel.php on line 1778.
 1 SYSTEMPATH\BaseModel.php(1778): CodeIgniter\Database\Exceptions\DataException::forEmptyDataset('update')
 2 SYSTEMPATH\BaseModel.php(956): CodeIgniter\BaseModel->transformDataToArray(null, 'update')
 3 SYSTEMPATH\Model.php(807): CodeIgniter\BaseModel->update([...], null)
 4 APPPATH\Controllers\Service\Busqueda.php(53): CodeIgniter\Model->update([...])
 5 SYSTEMPATH\CodeIgniter.php(941): App\Controllers\Service\Busqueda->update_rq_ubi()
 6 SYSTEMPATH\CodeIgniter.php(502): CodeIgniter\CodeIgniter->runController(Object(App\Controllers\Service\Busqueda))
 7 SYSTEMPATH\CodeIgniter.php(361): CodeIgniter\CodeIgniter->handleRequest(null, Object(Config\Cache), false)
 8 FCPATH\index.php(79): CodeIgniter\CodeIgniter->run()
CRITICAL - 2024-03-25 21:42:53 --> CodeIgniter\Database\Exceptions\DataException: There is no data to update.
in SYSTEMPATH\BaseModel.php on line 1778.
 1 SYSTEMPATH\BaseModel.php(1778): CodeIgniter\Database\Exceptions\DataException::forEmptyDataset('update')
 2 SYSTEMPATH\BaseModel.php(956): CodeIgniter\BaseModel->transformDataToArray(null, 'update')
 3 SYSTEMPATH\Model.php(807): CodeIgniter\BaseModel->update([...], null)
 4 APPPATH\Controllers\Service\Busqueda.php(45): CodeIgniter\Model->update([...])
 5 SYSTEMPATH\CodeIgniter.php(941): App\Controllers\Service\Busqueda->update_rq_ubi()
 6 SYSTEMPATH\CodeIgniter.php(502): CodeIgniter\CodeIgniter->runController(Object(App\Controllers\Service\Busqueda))
 7 SYSTEMPATH\CodeIgniter.php(361): CodeIgniter\CodeIgniter->handleRequest(null, Object(Config\Cache), false)
 8 FCPATH\index.php(79): CodeIgniter\CodeIgniter->run()
